<?xml version="1.0" encoding="UTF-8"?>
<!-- Generated by org.testng.reporters.JUnitReportReporter -->
<testsuite hostname="Siddharths-Mac.local" failures="0" tests="6" name="Tests.ReqResTest" time="3.193" errors="0" timestamp="2024-04-15T10:58:58 IST" skipped="0">
  <testcase classname="Tests.ReqResTest" name="testGet1" time="0.962"/>
  <system-out/>
  <testcase classname="Tests.ReqResTest" name="testGet2" time="0.533"/>
  <system-out/>
  <testcase classname="Tests.ReqResTest" name="testPost1" time="0.381"/>
  <system-out/>
  <testcase classname="Tests.ReqResTest" name="testPut1" time="0.446"/>
  <system-out/>
  <testcase classname="Tests.ReqResTest" name="testPatch1" time="0.484"/>
  <system-out/>
  <testcase classname="Tests.ReqResTest" name="testDelete1" time="0.387"/>
  <system-out/>
</testsuite> <!-- Tests.ReqResTest -->
